<?xml version="1.0" encoding="UTF-8"?>
<coverage generated="1764215448397" clover="3.2.0">
  <project timestamp="1764215448397" name="All files">
    <metrics statements="23" coveredstatements="19" conditionals="6" coveredconditionals="3" methods="2" coveredmethods="2" elements="31" coveredelements="24" complexity="0" loc="23" ncloc="23" packages="1" files="1" classes="1"/>
    <file name="bike_function.js" path="C:\Users\DELL\Documents\Semicolon\JavaScript\JavaScript-Exercise\TDD snack II\JavaScript Version\bike_function.js">
      <metrics statements="23" coveredstatements="19" conditionals="6" coveredconditionals="3" methods="2" coveredmethods="2"/>
      <line num="1" count="2" type="cond" truecount="1" falsecount="0"/>
      <line num="2" count="2" type="stmt"/>
      <line num="3" count="2" type="cond" truecount="1" falsecount="0"/>
      <line num="4" count="1" type="stmt"/>
      <line num="5" count="1" type="stmt"/>
      <line num="6" count="1" type="stmt"/>
      <line num="7" count="1" type="stmt"/>
      <line num="8" count="1" type="stmt"/>
      <line num="9" count="2" type="stmt"/>
      <line num="10" count="2" type="stmt"/>
      <line num="11" count="1" type="cond" truecount="1" falsecount="0"/>
      <line num="12" count="1" type="cond" truecount="0" falsecount="1"/>
      <line num="13" count="0" type="stmt"/>
      <line num="14" count="0" type="stmt"/>
      <line num="15" count="1" type="cond" truecount="0" falsecount="2"/>
      <line num="16" count="0" type="stmt"/>
      <line num="17" count="0" type="stmt"/>
      <line num="18" count="1" type="stmt"/>
      <line num="19" count="1" type="stmt"/>
      <line num="20" count="1" type="stmt"/>
      <line num="21" count="1" type="stmt"/>
      <line num="22" count="1" type="stmt"/>
      <line num="23" count="1" type="stmt"/>
    </file>
  </project>
</coverage>
