{"C:\\Users\\DELL\\Documents\\Semicolon\\JavaScript\\JavaScript-Exercise\\TDD snack II\\JavaScript Version\\bike_function.js": {"path":"C:\\Users\\DELL\\Documents\\Semicolon\\JavaScript\\JavaScript-Exercise\\TDD snack II\\JavaScript Version\\bike_function.js","all":false,"statementMap":{"0":{"start":{"line":1,"column":0},"end":{"line":1,"column":30}},"1":{"start":{"line":2,"column":0},"end":{"line":2,"column":27}},"2":{"start":{"line":3,"column":0},"end":{"line":3,"column":26}},"3":{"start":{"line":4,"column":0},"end":{"line":4,"column":26}},"4":{"start":{"line":5,"column":0},"end":{"line":5,"column":5}},"5":{"start":{"line":6,"column":0},"end":{"line":6,"column":9}},"6":{"start":{"line":7,"column":0},"end":{"line":7,"column":27}},"7":{"start":{"line":8,"column":0},"end":{"line":8,"column":5}},"8":{"start":{"line":9,"column":0},"end":{"line":9,"column":22}},"9":{"start":{"line":10,"column":0},"end":{"line":10,"column":1}},"10":{"start":{"line":11,"column":0},"end":{"line":11,"column":40}},"11":{"start":{"line":12,"column":0},"end":{"line":12,"column":35}},"12":{"start":{"line":13,"column":0},"end":{"line":13,"column":17}},"13":{"start":{"line":14,"column":0},"end":{"line":14,"column":5}},"14":{"start":{"line":15,"column":0},"end":{"line":15,"column":40}},"15":{"start":{"line":16,"column":0},"end":{"line":16,"column":17}},"16":{"start":{"line":17,"column":0},"end":{"line":17,"column":5}},"17":{"start":{"line":18,"column":0},"end":{"line":18,"column":9}},"18":{"start":{"line":19,"column":0},"end":{"line":19,"column":17}},"19":{"start":{"line":20,"column":0},"end":{"line":20,"column":5}},"20":{"start":{"line":21,"column":0},"end":{"line":21,"column":16}},"21":{"start":{"line":22,"column":0},"end":{"line":22,"column":1}},"22":{"start":{"line":23,"column":0},"end":{"line":23,"column":48}}},"s":{"0":2,"1":2,"2":2,"3":1,"4":1,"5":1,"6":1,"7":1,"8":2,"9":2,"10":1,"11":1,"12":0,"13":0,"14":1,"15":0,"16":0,"17":1,"18":1,"19":1,"20":1,"21":1,"22":1},"branchMap":{"0":{"type":"branch","line":1,"loc":{"start":{"line":1,"column":0},"end":{"line":10,"column":1}},"locations":[{"start":{"line":1,"column":0},"end":{"line":10,"column":1}}]},"1":{"type":"branch","line":3,"loc":{"start":{"line":3,"column":25},"end":{"line":8,"column":5}},"locations":[{"start":{"line":3,"column":25},"end":{"line":8,"column":5}}]},"2":{"type":"branch","line":11,"loc":{"start":{"line":11,"column":0},"end":{"line":22,"column":1}},"locations":[{"start":{"line":11,"column":0},"end":{"line":22,"column":1}}]},"3":{"type":"branch","line":12,"loc":{"start":{"line":12,"column":34},"end":{"line":14,"column":5}},"locations":[{"start":{"line":12,"column":34},"end":{"line":14,"column":5}}]},"4":{"type":"branch","line":15,"loc":{"start":{"line":15,"column":24},"end":{"line":15,"column":38}},"locations":[{"start":{"line":15,"column":24},"end":{"line":15,"column":38}}]},"5":{"type":"branch","line":15,"loc":{"start":{"line":15,"column":39},"end":{"line":17,"column":5}},"locations":[{"start":{"line":15,"column":39},"end":{"line":17,"column":5}}]}},"b":{"0":[2],"1":[1],"2":[1],"3":[0],"4":[0],"5":[0]},"fnMap":{"0":{"name":"start_bike","decl":{"start":{"line":1,"column":0},"end":{"line":10,"column":1}},"loc":{"start":{"line":1,"column":0},"end":{"line":10,"column":1}},"line":1},"1":{"name":"fluctuating_speed","decl":{"start":{"line":11,"column":0},"end":{"line":22,"column":1}},"loc":{"start":{"line":11,"column":0},"end":{"line":22,"column":1}},"line":11}},"f":{"0":2,"1":1}}
}
