TN:
SF:car_fuel_system_function.js
FN:1,start_car
FN:20,check_fuel
FN:24,car_state
FN:35,fuel_consumed
FNF:4
FNH:4
FNDA:2,start_car
FNDA:1,check_fuel
FNDA:2,car_state
FNDA:1,fuel_consumed
DA:1,2
DA:2,2
DA:3,2
DA:4,1
DA:5,1
DA:6,1
DA:7,0
DA:8,0
DA:9,0
DA:10,1
DA:11,0
DA:12,0
DA:13,0
DA:14,1
DA:15,1
DA:16,1
DA:17,2
DA:18,2
DA:19,1
DA:20,1
DA:21,1
DA:22,1
DA:23,1
DA:24,2
DA:25,2
DA:26,2
DA:27,1
DA:28,1
DA:29,1
DA:30,1
DA:31,1
DA:32,2
DA:33,2
DA:34,1
DA:35,1
DA:36,1
DA:37,1
DA:38,1
DA:39,1
LF:39
LH:33
BRDA:1,0,0,2
BRDA:3,1,0,1
BRDA:3,2,0,1
BRDA:6,3,0,0
BRDA:10,4,0,0
BRDA:10,5,0,0
BRDA:20,6,0,1
BRDA:24,7,0,2
BRDA:26,8,0,1
BRDA:35,9,0,1
BRF:10
BRH:7
end_of_record
