TN:
SF:car_fuel_system_functions.js
FN:2,car_starter
FN:13,check_fuel_level
FN:18,car_driving_status
FN:26,fuel_car
FN:36,fuel_consumed
FNF:5
FNH:4
FNDA:4,car_starter
FNDA:1,check_fuel_level
FNDA:0,car_driving_status
FNDA:2,fuel_car
FNDA:1,fuel_consumed
DA:1,1
DA:2,4
DA:3,4
DA:4,4
DA:5,2
DA:6,2
DA:7,2
DA:8,2
DA:9,2
DA:10,4
DA:11,4
DA:12,1
DA:13,1
DA:14,1
DA:15,1
DA:16,1
DA:17,1
DA:18,0
DA:19,0
DA:20,0
DA:21,0
DA:22,0
DA:23,0
DA:24,0
DA:25,0
DA:26,2
DA:27,2
DA:28,1
DA:29,1
DA:30,1
DA:31,1
DA:32,1
DA:33,1
DA:34,2
DA:35,1
DA:36,1
DA:37,1
DA:38,1
DA:39,1
DA:40,1
DA:41,1
LF:41
LH:33
BRDA:2,0,0,4
BRDA:4,1,0,3
BRDA:4,2,0,2
BRDA:13,3,0,1
BRDA:26,4,0,2
BRDA:27,5,0,1
BRDA:36,6,0,1
BRF:7
BRH:7
end_of_record
